  BMPFILE.cpp
D:\Sancene\6semestr\pp\pp\lab2\lab2\BMPFILE.h(18,8): warning C4081: требуется "идентификатор"; обнаружен "("
D:\Sancene\6semestr\pp\pp\lab2\lab2\BMPFILE.h(35,8): warning C4081: требуется "идентификатор"; обнаружен "("
D:\Sancene\6semestr\pp\pp\lab2\lab2\BMPFILE.cpp(1,1): warning C4103: выравнивание изменилось после включения заголовка, возможно из-за отсутствия директивы #pragma pack(pop)
  BMPHelper.cpp
D:\Sancene\6semestr\pp\pp\lab2\lab2\BMPFILE.h(18,8): warning C4081: требуется "идентификатор"; обнаружен "("
D:\Sancene\6semestr\pp\pp\lab2\lab2\BMPFILE.h(35,8): warning C4081: требуется "идентификатор"; обнаружен "("
D:\Sancene\6semestr\pp\pp\lab2\lab2\BMPHelper.h(1,1): warning C4103: выравнивание изменилось после включения заголовка, возможно из-за отсутствия директивы #pragma pack(pop)
D:\Sancene\6semestr\pp\pp\lab2\lab2\BMPHelper.h(17,2): warning C4091: static : пропускается слева от "BMPHelper", когда ни одна переменная не объявлена
D:\Sancene\6semestr\pp\pp\lab2\lab2\BMPHelper.cpp(1,1): warning C4103: выравнивание изменилось после включения заголовка, возможно из-за отсутствия директивы #pragma pack(pop)
D:\Sancene\6semestr\pp\pp\lab2\lab2\BMPHelper.cpp(47,11): warning C4244: инициализация: преобразование "double" в "float", возможна потеря данных
D:\Sancene\6semestr\pp\pp\lab2\lab2\BMPHelper.cpp(48,20): warning C4018: <: несоответствие типов со знаком и без знака
D:\Sancene\6semestr\pp\pp\lab2\lab2\BMPHelper.cpp(55,16): warning C4244: инициализация: преобразование "float" в "int", возможна потеря данных
D:\Sancene\6semestr\pp\pp\lab2\lab2\BMPHelper.cpp(57,17): warning C4244: инициализация: преобразование "float" в "int", возможна потеря данных
D:\Sancene\6semestr\pp\pp\lab2\lab2\BMPHelper.cpp(74,30): warning C4244: =: преобразование "double" в "uint8_t", возможна потеря данных
D:\Sancene\6semestr\pp\pp\lab2\lab2\BMPHelper.cpp(75,30): warning C4244: =: преобразование "double" в "uint8_t", возможна потеря данных
D:\Sancene\6semestr\pp\pp\lab2\lab2\BMPHelper.cpp(76,30): warning C4244: =: преобразование "double" в "uint8_t", возможна потеря данных
  lab2.cpp
D:\Sancene\6semestr\pp\pp\lab2\lab2\BMPFILE.h(18,8): warning C4081: требуется "идентификатор"; обнаружен "("
D:\Sancene\6semestr\pp\pp\lab2\lab2\BMPFILE.h(35,8): warning C4081: требуется "идентификатор"; обнаружен "("
D:\Sancene\6semestr\pp\pp\lab2\lab2\BMPHelper.h(17,2): warning C4091: static : пропускается слева от "BMPHelper", когда ни одна переменная не объявлена
D:\Sancene\6semestr\pp\pp\lab2\lab2\lab2.cpp(85,23): warning C4018: <: несоответствие типов со знаком и без знака
  Создание кода...
  lab2.vcxproj -> D:\Sancene\6semestr\pp\pp\lab2\Debug\lab2.exe
